<?xml version="1.0" encoding="UTF-8"?>
<checkstyle version="10.12.4">
<file name="C:\Users\x1 yoga\Documents\q4\2irr00\TaskScheduler1\TaskScheduler\src\main\java\FCFSStrategy.java">
<error line="11" column="14" severity="error" message="Abbreviation in name &apos;FCFSStrategy&apos; must contain no more than &apos;4&apos; consecutive capital letters." source="com.puppycrawl.tools.checkstyle.checks.naming.AbbreviationAsWordInNameCheck"/>
</file>
<file name="C:\Users\x1 yoga\Documents\q4\2irr00\TaskScheduler1\TaskScheduler\src\main\java\PriorityStrategy.java">
<error line="21" column="5" severity="error" message="Cyclomatic Complexity is 26 (max allowed is 7)." source="com.puppycrawl.tools.checkstyle.checks.metrics.CyclomaticComplexityCheck"/>
<error line="21" column="5" severity="error" message="NCSS for this method is 51 (max allowed is 30)." source="com.puppycrawl.tools.checkstyle.checks.metrics.JavaNCSSCheck"/>
<error line="21" column="5" severity="error" message="NPath Complexity is 103,712 (max allowed is 40)." source="com.puppycrawl.tools.checkstyle.checks.metrics.NPathComplexityCheck"/>
</file>
<file name="C:\Users\x1 yoga\Documents\q4\2irr00\TaskScheduler1\TaskScheduler\src\main\java\RoundRobinStrategy.java">
<error line="28" column="5" severity="error" message="Cyclomatic Complexity is 14 (max allowed is 7)." source="com.puppycrawl.tools.checkstyle.checks.metrics.CyclomaticComplexityCheck"/>
<error line="28" column="5" severity="error" message="NCSS for this method is 41 (max allowed is 30)." source="com.puppycrawl.tools.checkstyle.checks.metrics.JavaNCSSCheck"/>
<error line="28" column="5" severity="error" message="NPath Complexity is 880 (max allowed is 40)." source="com.puppycrawl.tools.checkstyle.checks.metrics.NPathComplexityCheck"/>
</file>
<file name="C:\Users\x1 yoga\Documents\q4\2irr00\TaskScheduler1\TaskScheduler\src\main\java\SchedulerService.java">
<error line="32" column="5" severity="error" message="Cyclomatic Complexity is 11 (max allowed is 7)." source="com.puppycrawl.tools.checkstyle.checks.metrics.CyclomaticComplexityCheck"/>
<error line="32" column="5" severity="error" message="NPath Complexity is 528 (max allowed is 40)." source="com.puppycrawl.tools.checkstyle.checks.metrics.NPathComplexityCheck"/>
</file>
<file name="C:\Users\x1 yoga\Documents\q4\2irr00\TaskScheduler1\TaskScheduler\src\main\java\SJFStrategy.java">
<error line="20" column="5" severity="error" message="Cyclomatic Complexity is 11 (max allowed is 7)." source="com.puppycrawl.tools.checkstyle.checks.metrics.CyclomaticComplexityCheck"/>
<error line="20" column="5" severity="error" message="NCSS for this method is 34 (max allowed is 30)." source="com.puppycrawl.tools.checkstyle.checks.metrics.JavaNCSSCheck"/>
<error line="20" column="5" severity="error" message="NPath Complexity is 146 (max allowed is 40)." source="com.puppycrawl.tools.checkstyle.checks.metrics.NPathComplexityCheck"/>
</file>
<file name="C:\Users\x1 yoga\Documents\q4\2irr00\TaskScheduler1\TaskScheduler\src\test\java\SchedulerServiceTest.java">
<error line="27" column="10" severity="error" message="Abbreviation in name &apos;testFCFSAscendingArrivalTime&apos; must contain no more than &apos;4&apos; consecutive capital letters." source="com.puppycrawl.tools.checkstyle.checks.naming.AbbreviationAsWordInNameCheck"/>
<error line="51" column="45" severity="error" message="&apos;-&apos; is not followed by whitespace." source="com.puppycrawl.tools.checkstyle.checks.whitespace.WhitespaceAroundCheck"/>
<error line="51" column="45" severity="error" message="&apos;-&apos; is not preceded with whitespace." source="com.puppycrawl.tools.checkstyle.checks.whitespace.WhitespaceAroundCheck"/>
<error line="56" column="45" severity="error" message="&apos;-&apos; is not followed by whitespace." source="com.puppycrawl.tools.checkstyle.checks.whitespace.WhitespaceAroundCheck"/>
<error line="56" column="45" severity="error" message="&apos;-&apos; is not preceded with whitespace." source="com.puppycrawl.tools.checkstyle.checks.whitespace.WhitespaceAroundCheck"/>
<error line="64" column="10" severity="error" message="Abbreviation in name &apos;testSJFSSpecificOrder&apos; must contain no more than &apos;4&apos; consecutive capital letters." source="com.puppycrawl.tools.checkstyle.checks.naming.AbbreviationAsWordInNameCheck"/>
</file>
</checkstyle>
